<?xml version="1.0" encoding="UTF-8"?>
<!-- Generated by org.testng.reporters.JUnitXMLReporter -->
<testsuite ignored="0" hostname="LAPTOP-PT5FP9QT" failures="0" tests="3" name="Default test" time="31.422" errors="0" timestamp="2025-04-17T02:29:34 IST">
  <testcase classname="HRM.qa.Tests.LoginPageTest" name="ValidateTitleTest" time="0.035"/>
  <testcase classname="HRM.qa.Tests.LoginPageTest" name="ValidateLogoTest" time="1.666"/>
  <testcase classname="HRM.qa.Tests.LoginPageTest" name="LoginAction" time="0.959"/>
</testsuite> <!-- Default test -->
