<?xml version="1.0" encoding="UTF-8"?>
<testng-results ignored="0" total="3" passed="3" failed="0" skipped="0">
  <reporter-output>
  </reporter-output>
  <suite started-at="2025-04-17T02:29:03 IST" name="Default suite" finished-at="2025-04-17T02:29:34 IST" duration-ms="31422">
    <groups>
    </groups>
    <test started-at="2025-04-17T02:29:03 IST" name="Default test" finished-at="2025-04-17T02:29:34 IST" duration-ms="31422">
      <class name="HRM.qa.Tests.LoginPageTest">
        <test-method is-config="true" signature="setup()[pri:0, instance:HRM.qa.Tests.LoginPageTest@58c34bb3]" started-at="2025-04-17T02:29:03 IST" name="setup" finished-at="2025-04-17T02:29:15 IST" duration-ms="12090" status="PASS">
          <reporter-output>
          </reporter-output>
        </test-method> <!-- setup -->
        <test-method signature="ValidateTitleTest()[pri:1, instance:HRM.qa.Tests.LoginPageTest@58c34bb3]" started-at="2025-04-17T02:29:15 IST" name="ValidateTitleTest" finished-at="2025-04-17T02:29:15 IST" duration-ms="35" status="PASS">
          <reporter-output>
          </reporter-output>
        </test-method> <!-- ValidateTitleTest -->
        <test-method is-config="true" signature="tearDown()[pri:0, instance:HRM.qa.Tests.LoginPageTest@58c34bb3]" started-at="2025-04-17T02:29:15 IST" name="tearDown" finished-at="2025-04-17T02:29:15 IST" duration-ms="215" status="PASS">
          <reporter-output>
          </reporter-output>
        </test-method> <!-- tearDown -->
        <test-method is-config="true" signature="setup()[pri:0, instance:HRM.qa.Tests.LoginPageTest@58c34bb3]" started-at="2025-04-17T02:29:15 IST" name="setup" finished-at="2025-04-17T02:29:23 IST" duration-ms="7318" status="PASS">
          <reporter-output>
          </reporter-output>
        </test-method> <!-- setup -->
        <test-method signature="ValidateLogoTest()[pri:2, instance:HRM.qa.Tests.LoginPageTest@58c34bb3]" started-at="2025-04-17T02:29:23 IST" name="ValidateLogoTest" finished-at="2025-04-17T02:29:24 IST" duration-ms="1666" status="PASS">
          <reporter-output>
          </reporter-output>
        </test-method> <!-- ValidateLogoTest -->
        <test-method is-config="true" signature="tearDown()[pri:0, instance:HRM.qa.Tests.LoginPageTest@58c34bb3]" started-at="2025-04-17T02:29:24 IST" name="tearDown" finished-at="2025-04-17T02:29:24 IST" duration-ms="215" status="PASS">
          <reporter-output>
          </reporter-output>
        </test-method> <!-- tearDown -->
        <test-method is-config="true" signature="setup()[pri:0, instance:HRM.qa.Tests.LoginPageTest@58c34bb3]" started-at="2025-04-17T02:29:24 IST" name="setup" finished-at="2025-04-17T02:29:33 IST" duration-ms="8498" status="PASS">
          <reporter-output>
          </reporter-output>
        </test-method> <!-- setup -->
        <test-method signature="LoginAction()[pri:3, instance:HRM.qa.Tests.LoginPageTest@58c34bb3]" started-at="2025-04-17T02:29:33 IST" name="LoginAction" finished-at="2025-04-17T02:29:34 IST" duration-ms="959" status="PASS">
          <reporter-output>
          </reporter-output>
        </test-method> <!-- LoginAction -->
        <test-method is-config="true" signature="tearDown()[pri:0, instance:HRM.qa.Tests.LoginPageTest@58c34bb3]" started-at="2025-04-17T02:29:34 IST" name="tearDown" finished-at="2025-04-17T02:29:34 IST" duration-ms="155" status="PASS">
          <reporter-output>
          </reporter-output>
        </test-method> <!-- tearDown -->
      </class> <!-- HRM.qa.Tests.LoginPageTest -->
    </test> <!-- Default test -->
  </suite> <!-- Default suite -->
</testng-results>
